[banner.d7y.dev/index.html]
[backblue.gif]
[fade.gif]
[index.html]
[banner.d7y.dev/js/download.js]
[banner.d7y.dev/js/LZWEncoder.js]
[banner.d7y.dev/js/NeuQuant.js]
[banner.d7y.dev/js/GIFEncoder.js]
[banner.d7y.dev/js/b64.js]
[banner.d7y.dev/js/script.js]
[banner.d7y.dev/css/style.css]
[banner.d7y.dev/image/favicon.png]
[banner.d7y.dev/image/logo.png]
[banner.d7y.dev/image/title.gif]
[banner.d7y.dev/image/github2.png]
[banner.d7y.dev/index.html]
[banner.d7y.dev/GET]
[banner.d7y.dev/js/download.js]
[banner.d7y.dev/js/LZWEncoder.js]
[banner.d7y.dev/js/NeuQuant.js]
[banner.d7y.dev/js/GIFEncoder.js]
[banner.d7y.dev/js/b64.js]
[banner.d7y.dev/js/script.js]
[banner.d7y.dev/css/style.css]
[cdn.discordapp.com/attachments/729486981268111441/1130868679500894208/download_3.gif]
[banner.d7y.dev/GET.html]
